<?xml version="1.0" encoding="UTF-8"?>
<!-- Generated by org.testng.reporters.JUnitXMLReporter -->
<testsuite ignored="0" hostname="LAPTOP-BTAPKMFO" failures="0" tests="6" name="Test" time="0.099" errors="0" timestamp="2024-02-27T09:59:26 IST">
  <testcase classname="TestNG.PriorityTesting" name="testcase" time="0.015"/>
  <testcase classname="TestNG.PriorityTesting" name="testcase3" time="0.002"/>
  <testcase classname="TestNG.PriorityTesting" name="testcase2" time="0.002"/>
  <testcase classname="TestNG.DependsOnMethod" name="testcase1" time="0.003"/>
  <testcase classname="TestNG.DependsOnMethod" name="testcase2" time="0.003"/>
  <testcase classname="TestNG.DependsOnMethod" name="testcase3" time="0.002"/>
</testsuite> <!-- Test -->
