<?xml version="1.0" encoding="UTF-8"?>
<testng-results ignored="0" total="1" passed="1" failed="0" skipped="0">
  <reporter-output>
  </reporter-output>
  <suite started-at="2024-02-27T11:34:33 IST" name="Default suite" finished-at="2024-02-27T11:34:38 IST" duration-ms="5111">
    <groups>
    </groups>
    <test started-at="2024-02-27T11:34:33 IST" name="Default test" finished-at="2024-02-27T11:34:38 IST" duration-ms="5111">
      <class name="TestNG.InvokeChromeBroswer">
        <test-method signature="invokechrome()[pri:0, instance:TestNG.InvokeChromeBroswer@2a798d51]" started-at="2024-02-27T11:34:33 IST" name="invokechrome" finished-at="2024-02-27T11:34:38 IST" duration-ms="5058" status="PASS">
          <reporter-output>
          </reporter-output>
        </test-method> <!-- invokechrome -->
      </class> <!-- TestNG.InvokeChromeBroswer -->
    </test> <!-- Default test -->
  </suite> <!-- Default suite -->
</testng-results>
